<?xml version="1.0" encoding="UTF-8"?>
<!-- Generated by org.testng.reporters.JUnitXMLReporter -->
<testsuite ignored="1" hostname="DESKTOP-8VJB88U" failures="0" tests="2" name="Default test" time="28.519" errors="0" timestamp="2022-03-18T09:20:37 GMT-07:00">
  <testcase classname="testcases.LoginTest" name="LoginFailureTest" time="5.823"/>
  <testcase classname="testcases.LoginTest" name="loginSuccessTest" time="17.269"/>
  <testcase classname="testcases.LoginTest" name="externalDataTest" time="0.0">
    <ignored/>
  </testcase> <!-- externalDataTest -->
</testsuite> <!-- Default test -->
