<?xml version="1.0" encoding="UTF-8"?>
<!-- Generated by org.testng.reporters.JUnitXMLReporter -->
<testsuite ignored="1" hostname="DESKTOP-8VJB88U" failures="1" tests="2" name="Test" time="26.475" errors="0" timestamp="2022-05-09T16:54:10 IST">
  <testcase classname="testcases.LoginTest" name="LoginFailureTest" time="8.022"/>
  <testcase classname="testcases.LoginTest" name="loginSuccessTest" time="7.482">
    <failure type="java.lang.AssertionError" message="expected [Learning on Simplilearn.] but found [Learning on Simplilearn]">
      <![CDATA[java.lang.AssertionError: expected [Learning on Simplilearn.] but found [Learning on Simplilearn]
at testcases.LoginTest.loginSuccessTest(LoginTest.java:75)
at java.base/java.util.ArrayList.forEach(ArrayList.java:1511)
... Removed 33 stack frames]]>
    </failure>
  </testcase> <!-- loginSuccessTest -->
  <testcase classname="testcases.LoginTest" name="externalDataTest" time="0.0">
    <ignored/>
  </testcase> <!-- externalDataTest -->
</testsuite> <!-- Test -->
