<?xml version="1.0" encoding="UTF-8"?>
<!-- Generated by org.testng.reporters.JUnitXMLReporter -->
<testsuite hostname="DESKTOP-8VJB88U" ignored="1" name="Test" tests="2" failures="0" timestamp="2022-03-22T10:44:07 IST" time="28.912" errors="0">
  <testcase name="LoginFailureTest" time="6.077" classname="testcases.LoginTest"/>
  <testcase name="loginSuccessTest" time="12.939" classname="testcases.LoginTest"/>
  <testcase name="externalDataTest" time="0.0" classname="testcases.LoginTest">
    <ignored/>
  </testcase> <!-- externalDataTest -->
</testsuite> <!-- Test -->
