<?xml version="1.0" encoding="UTF-8"?>
<testng-results skipped="0" failed="0" ignored="1" total="3" passed="2">
  <reporter-output>
  </reporter-output>
  <suite name="Suite" duration-ms="31150" started-at="2022-03-19T09:40:26 IST" finished-at="2022-03-19T09:40:57 IST">
    <groups>
    </groups>
    <test name="Test" duration-ms="31150" started-at="2022-03-19T09:40:26 IST" finished-at="2022-03-19T09:40:57 IST">
      <class name="testcases.LoginTest">
        <test-method status="PASS" signature="dataSetup()[pri:0, instance:testcases.LoginTest@6ee52dcd]" name="dataSetup" is-config="true" duration-ms="542" started-at="2022-03-19T09:40:26 IST" finished-at="2022-03-19T09:40:26 IST">
          <reporter-output>
          </reporter-output>
        </test-method> <!-- dataSetup -->
        <test-method status="PASS" signature="setUp(java.lang.reflect.Method)[pri:0, instance:testcases.LoginTest@6ee52dcd]" name="setUp" is-config="true" duration-ms="3088" started-at="2022-03-19T09:40:26 IST" finished-at="2022-03-19T09:40:30 IST">
          <params>
            <param index="0">
              <value>
                <![CDATA[public void testcases.LoginTest.LoginFailureTest()]]>
              </value>
            </param>
          </params>
          <reporter-output>
          </reporter-output>
        </test-method> <!-- setUp -->
        <test-method status="PASS" signature="LoginFailureTest()[pri:0, instance:testcases.LoginTest@6ee52dcd]" name="LoginFailureTest" duration-ms="6999" started-at="2022-03-19T09:40:30 IST" finished-at="2022-03-19T09:40:37 IST">
          <reporter-output>
          </reporter-output>
        </test-method> <!-- LoginFailureTest -->
        <test-method status="PASS" signature="tearDown()[pri:0, instance:testcases.LoginTest@6ee52dcd]" name="tearDown" is-config="true" duration-ms="83" started-at="2022-03-19T09:40:37 IST" finished-at="2022-03-19T09:40:37 IST">
          <reporter-output>
          </reporter-output>
        </test-method> <!-- tearDown -->
        <test-method status="PASS" signature="setUp(java.lang.reflect.Method)[pri:0, instance:testcases.LoginTest@6ee52dcd]" name="setUp" is-config="true" duration-ms="2092" started-at="2022-03-19T09:40:37 IST" finished-at="2022-03-19T09:40:39 IST">
          <params>
            <param index="0">
              <value>
                <![CDATA[public void testcases.LoginTest.loginSuccessTest() throws java.lang.Exception]]>
              </value>
            </param>
          </params>
          <reporter-output>
          </reporter-output>
        </test-method> <!-- setUp -->
        <test-method status="PASS" signature="loginSuccessTest()[pri:0, instance:testcases.LoginTest@6ee52dcd]" name="loginSuccessTest" duration-ms="14009" started-at="2022-03-19T09:40:39 IST" finished-at="2022-03-19T09:40:53 IST">
          <reporter-output>
          </reporter-output>
        </test-method> <!-- loginSuccessTest -->
        <test-method status="PASS" signature="tearDown()[pri:0, instance:testcases.LoginTest@6ee52dcd]" name="tearDown" is-config="true" duration-ms="4062" started-at="2022-03-19T09:40:53 IST" finished-at="2022-03-19T09:40:57 IST">
          <reporter-output>
          </reporter-output>
        </test-method> <!-- tearDown -->
        <test-method status="PASS" signature="dataTearDown()[pri:0, instance:testcases.LoginTest@6ee52dcd]" name="dataTearDown" is-config="true" duration-ms="242" started-at="2022-03-19T09:40:57 IST" finished-at="2022-03-19T09:40:57 IST">
          <reporter-output>
          </reporter-output>
        </test-method> <!-- dataTearDown -->
      </class> <!-- testcases.LoginTest -->
    </test> <!-- Test -->
  </suite> <!-- Suite -->
</testng-results>
