<?xml version="1.0" encoding="UTF-8"?>
<testng-results skipped="0" failed="0" ignored="1" total="3" passed="2">
  <reporter-output>
  </reporter-output>
  <suite name="Suite" duration-ms="28912" started-at="2022-03-22T10:43:39 IST" finished-at="2022-03-22T10:44:07 IST">
    <groups>
    </groups>
    <test name="Test" duration-ms="28912" started-at="2022-03-22T10:43:39 IST" finished-at="2022-03-22T10:44:07 IST">
      <class name="testcases.LoginTest">
        <test-method status="PASS" signature="dataSetup()[pri:0, instance:testcases.LoginTest@6ee52dcd]" name="dataSetup" is-config="true" duration-ms="527" started-at="2022-03-22T10:43:39 IST" finished-at="2022-03-22T10:43:39 IST">
          <reporter-output>
          </reporter-output>
        </test-method> <!-- dataSetup -->
        <test-method status="PASS" signature="setUp(java.lang.reflect.Method)[pri:0, instance:testcases.LoginTest@6ee52dcd]" name="setUp" is-config="true" duration-ms="2895" started-at="2022-03-22T10:43:39 IST" finished-at="2022-03-22T10:43:42 IST">
          <params>
            <param index="0">
              <value>
                <![CDATA[public void testcases.LoginTest.LoginFailureTest()]]>
              </value>
            </param>
          </params>
          <reporter-output>
          </reporter-output>
        </test-method> <!-- setUp -->
        <test-method status="PASS" signature="LoginFailureTest()[pri:0, instance:testcases.LoginTest@6ee52dcd]" name="LoginFailureTest" duration-ms="6077" started-at="2022-03-22T10:43:42 IST" finished-at="2022-03-22T10:43:48 IST">
          <reporter-output>
          </reporter-output>
        </test-method> <!-- LoginFailureTest -->
        <test-method status="PASS" signature="tearDown()[pri:0, instance:testcases.LoginTest@6ee52dcd]" name="tearDown" is-config="true" duration-ms="64" started-at="2022-03-22T10:43:48 IST" finished-at="2022-03-22T10:43:48 IST">
          <reporter-output>
          </reporter-output>
        </test-method> <!-- tearDown -->
        <test-method status="PASS" signature="setUp(java.lang.reflect.Method)[pri:0, instance:testcases.LoginTest@6ee52dcd]" name="setUp" is-config="true" duration-ms="2090" started-at="2022-03-22T10:43:48 IST" finished-at="2022-03-22T10:43:50 IST">
          <params>
            <param index="0">
              <value>
                <![CDATA[public void testcases.LoginTest.loginSuccessTest() throws java.lang.Exception]]>
              </value>
            </param>
          </params>
          <reporter-output>
          </reporter-output>
        </test-method> <!-- setUp -->
        <test-method status="PASS" signature="loginSuccessTest()[pri:0, instance:testcases.LoginTest@6ee52dcd]" name="loginSuccessTest" duration-ms="12939" started-at="2022-03-22T10:43:50 IST" finished-at="2022-03-22T10:44:03 IST">
          <reporter-output>
          </reporter-output>
        </test-method> <!-- loginSuccessTest -->
        <test-method status="PASS" signature="tearDown()[pri:0, instance:testcases.LoginTest@6ee52dcd]" name="tearDown" is-config="true" duration-ms="4079" started-at="2022-03-22T10:44:03 IST" finished-at="2022-03-22T10:44:07 IST">
          <reporter-output>
          </reporter-output>
        </test-method> <!-- tearDown -->
        <test-method status="PASS" signature="dataTearDown()[pri:0, instance:testcases.LoginTest@6ee52dcd]" name="dataTearDown" is-config="true" duration-ms="211" started-at="2022-03-22T10:44:07 IST" finished-at="2022-03-22T10:44:07 IST">
          <reporter-output>
          </reporter-output>
        </test-method> <!-- dataTearDown -->
      </class> <!-- testcases.LoginTest -->
    </test> <!-- Test -->
  </suite> <!-- Suite -->
</testng-results>
